********************Printing Quads**********************
--------------------------------------------------------
|                         Quads                        |
--------------------------------------------------------
0 : function printInt start
1 : function printInt end
2 : function printStr start
3 : function printStr end
4 : function main start
5 : t0 = 5555
6 : a = t0
7 : param a
8 : call printInt 1
9 : t1 = 10
10 : if a > t1 goto 13
11 : goto 18
12 : goto 18
13 : t3 = 2
14 : t4 = a / t3
15 : b = t4
16 : a = b
17 : goto 9
18 : param a
19 : call printInt 1
20 : t5 = 0
21 : return t5
22 : function main end
--------------------------------------------------------------
 									Symbol Table (ST.gbl)											 
--------------------------------------------------------------
Name	Type		Size	Offset
InitVal	---------------------------------------
printInt	function	1		4	0	NULL
printStr	function	1		4	4	NULL
main	function	0		0	8	NULL
-------------------------------------------------------------
--------------------------------------------------------------
          Symbol Table of printInt		    
--------------------------------------------------------------
Name	Type		Size	Offset
InitVal	---------------------------------------
num	int		4	0	NULL
retVal	int		4	4	NULL
-------------------------------------------------------------
--------------------------------------------------------------
          Symbol Table of printStr		    
--------------------------------------------------------------
Name	Type		Size	Offset
InitVal	---------------------------------------
x	char		1	0	NULL
retVal	int		4	1	NULL
-------------------------------------------------------------
--------------------------------------------------------------
          Symbol Table of main		    
--------------------------------------------------------------
Name	Type		Size	Offset
InitVal	---------------------------------------
a	int		4	0	NULL
b	int		4	4	NULL
t0	int		4	8	5555
printInt	int		4	12	NULL
t1	int		4	16	10
t2		0	20	NULL
t3	int		4	20	2
t4	int		4	24	NULL
t5	int		4	28	0
retVal	int		4	32	NULL
-------------------------------------------------------------
--------------------------------------------------------
|                  Compilation Result                  |
--------------------------------------------------------
Compilation Success  ^_^ !!
--------------------------------------------------------
