********************Printing Quads**********************
--------------------------------------------------------
|                         Quads                        |
--------------------------------------------------------
0 : function readInt start
1 : function readInt end
2 : function printInt start
3 : function printInt end
4 : function main start
5 : 6 : param t0
7 : call readInt 1
8 : a = readInt
9 : t1 = a
10 : c = t1
11 : t2 = 1
12 : b = t2
13 : t3 = 0
14 : i = t3
15 : if i < a goto 21
16 : goto 23
17 : goto 23
18 : t5 = i
19 : i = i + 1
20 : goto 15
21 : b = i
22 : goto 18
23 : param b
24 : call printInt 1
25 : t6 = 0
26 : return t6
27 : function main end
--------------------------------------------------------------
 									Symbol Table (ST.gbl)											 
--------------------------------------------------------------
Name	Type		Size	Offset
InitVal	---------------------------------------
readInt	function	1		4	0	NULL
printInt	function	1		4	4	NULL
main	function	0		0	8	NULL
-------------------------------------------------------------
--------------------------------------------------------------
          Symbol Table of readInt		    
--------------------------------------------------------------
Name	Type		Size	Offset
InitVal	---------------------------------------
x	int		4	0	NULL
retVal	int		4	4	NULL
-------------------------------------------------------------
--------------------------------------------------------------
          Symbol Table of printInt		    
--------------------------------------------------------------
Name	Type		Size	Offset
InitVal	---------------------------------------
x	int		4	0	NULL
retVal	int		4	4	NULL
-------------------------------------------------------------
--------------------------------------------------------------
          Symbol Table of main		    
--------------------------------------------------------------
Name	Type		Size	Offset
InitVal	---------------------------------------
lol	int		4	0	NULL
readInt	int		4	4	NULL
t0	int		4	8	NULL
a	int		4	12	NULL
t1	char		1	16	a
c	char		1	17	a
t2	int		4	18	1
b	int		4	22	1
i	int		4	26	NULL
t3	int		4	30	0
t4		0	34	NULL
t5	int		4	34	NULL
printInt	int		4	38	NULL
t6	int		4	42	0
retVal	int		4	46	NULL
-------------------------------------------------------------
--------------------------------------------------------
|                  Compilation Result                  |
--------------------------------------------------------
Compilation Success  ^_^ !!
--------------------------------------------------------
