********************Printing Quads**********************
--------------------------------------------------------
|                         Quads                        |
--------------------------------------------------------
0 : function readFlt start
1 : function readFlt end
2 : function printFlt start
3 : function printFlt end
4 : function main start
5 : 6 : param t0
7 : call readFlt 1
8 : a = readFlt
9 : param a
10 : call printFlt 1
11 : t1 = 0
12 : return t1
13 : function main end
--------------------------------------------------------------
 									Symbol Table (ST.gbl)											 
--------------------------------------------------------------
Name	Type		Size	Offset
InitVal	---------------------------------------
readFlt	function	1		8	0	NULL
printFlt	function	1		4	8	NULL
main	function	0		0	12	NULL
-------------------------------------------------------------
--------------------------------------------------------------
          Symbol Table of readFlt		    
--------------------------------------------------------------
Name	Type		Size	Offset
InitVal	---------------------------------------
f	float		8	0	NULL
retVal	float		8	8	NULL
-------------------------------------------------------------
--------------------------------------------------------------
          Symbol Table of printFlt		    
--------------------------------------------------------------
Name	Type		Size	Offset
InitVal	---------------------------------------
d	float		8	0	NULL
retVal	int		4	8	NULL
-------------------------------------------------------------
--------------------------------------------------------------
          Symbol Table of main		    
--------------------------------------------------------------
Name	Type		Size	Offset
InitVal	---------------------------------------
p	float		8	0	NULL
readFlt	int		4	8	NULL
t0	int		4	12	NULL
a	float		8	16	NULL
printFlt	int		4	24	NULL
t1	int		4	28	0
retVal	int		4	32	NULL
-------------------------------------------------------------
--------------------------------------------------------
|                  Compilation Result                  |
--------------------------------------------------------
Compilation Success  ^_^ !!
--------------------------------------------------------
