********************Printing Quads**********************
--------------------------------------------------------
|                         Quads                        |
--------------------------------------------------------
0 : function printInt start
1 : function printInt end
2 : function f start
3 : t0 = 0
4 : return t0
5 : function f end
6 : function main start
7 : t1 = 3
8 : a = t1
9 : t2 = a
10 : c = t2
11 : t3 = 1
12 : b = t3
13 : t4 = 2
14 : t5 = b + t4
15 : b = t5
16 : param a
17 : call f 1
18 : b = f
19 : param b
20 : call printInt 1
21 : t6 = 0
22 : return t6
23 : function main end
--------------------------------------------------------------
 									Symbol Table (ST.gbl)											 
--------------------------------------------------------------
Name	Type		Size	Offset
InitVal	---------------------------------------
printInt	function	1		4	0	NULL
f	function	1		0	4	NULL
main	function	0		0	4	NULL
-------------------------------------------------------------
--------------------------------------------------------------
          Symbol Table of printInt		    
--------------------------------------------------------------
Name	Type		Size	Offset
InitVal	---------------------------------------
x	int		4	0	NULL
retVal	int		4	4	NULL
-------------------------------------------------------------
--------------------------------------------------------------
          Symbol Table of f		    
--------------------------------------------------------------
Name	Type		Size	Offset
InitVal	---------------------------------------
a	int		4	0	NULL
t0	int		4	4	0
retVal	int		4	8	NULL
-------------------------------------------------------------
--------------------------------------------------------------
          Symbol Table of main		    
--------------------------------------------------------------
Name	Type		Size	Offset
InitVal	---------------------------------------
t1	int		4	0	3
a	int		4	4	3
t2	char		1	8	a
c	char		1	9	a
t3	int		4	10	1
b	int		4	14	1
t4	int		4	18	2
t5	int		4	22	NULL
f	int		4	26	NULL
printInt		4	30	NULL
t6	int		4	34	0
retVal	int		4	38	NULL
-------------------------------------------------------------
--------------------------------------------------------
|                  Compilation Result                  |
--------------------------------------------------------
Compilation Success  ^_^ !!
--------------------------------------------------------
